<?xml version="1.0" encoding="UTF-8"?>
<!-- Generated by org.testng.reporters.JUnitReportReporter -->
<testsuite skipped="0" hostname="INHYNNMADDALA1" name="ScePagesTest.DBConnection" tests="1" failures="0" timestamp="15 Jun 2018 11:19:07 GMT" time="39.858" errors="1">
  <testcase name="redBus" time="39.858" classname="ScePagesTest.DBConnection">
    <error type="org.openqa.selenium.TimeoutException" message="Expected condition failed: waiting for visibility of all [[[ChromeDriver: chrome on XP (20816ec6d56e0d135a0202793f32141b)] -&gt; xpath: //div[@id=&#039;rb-calendar_onward_cal&#039; or @class=&#039;rb-calendar&#039;]//following::td[3]], [[ChromeDriver: chrome on XP (20816ec6d56e0d135a0202793f32141b)] -&gt; xpath: //div[@id=&#039;rb-calendar_onward_cal&#039; or @class=&#039;rb-calendar&#039;]//following::td[3]], [[ChromeDriver: chrome on XP (20816ec6d56e0d135a0202793f32141b)] -&gt; xpath: //div[@id=&#039;rb-calendar_onward_cal&#039; or @class=&#039;rb-calendar&#039;]//following::td[3]], [[ChromeDriver: chrome on XP (20816ec6d56e0d135a0202793f32141b)] -&gt; xpath: //div[@id=&#039;rb-calendar_onward_cal&#039; or @class=&#039;rb-calendar&#039;]//following::td[3]], [[ChromeDriver: chrome on XP (20816ec6d56e0d135a0202793f32141b)] -&gt; xpath: //div[@id=&#039;rb-calendar_onward_cal&#039; or @class=&#039;rb-calendar&#039;]//following::td[3]], [[ChromeDriver: chrome on XP (20816ec6d56e0d135a0202793f32141b)] -&gt; xpath: //div[@id=&#039;rb-calendar_onward_cal&#039; or @class=&#039;rb-calendar&#039;]//following::td[3]], [[ChromeDriver: chrome on XP (20816ec6d56e0d135a0202793f32141b)] -&gt; xpath: //div[@id=&#039;rb-calendar_onward_cal&#039; or @class=&#039;rb-calendar&#039;]//following::td[3]], [[ChromeDriver: chrome on XP (20816ec6d56e0d135a0202793f32141b)] -&gt; xpath: //div[@id=&#039;rb-calendar_onward_cal&#039; or @class=&#039;rb-calendar&#039;]//following::td[3]], [[ChromeDriver: chrome on XP (20816ec6d56e0d135a0202793f32141b)] -&gt; xpath: //div[@id=&#039;rb-calendar_onward_cal&#039; or @class=&#039;rb-calendar&#039;]//following::td[3]], [[ChromeDriver: chrome on XP (20816ec6d56e0d135a0202793f32141b)] -&gt; xpath: //div[@id=&#039;rb-calendar_onward_cal&#039; or @class=&#039;rb-calendar&#039;]//following::td[3]], [[ChromeDriver: chrome on XP (20816ec6d56e0d135a0202793f32141b)] -&gt; xpath: //div[@id=&#039;rb-calendar_onward_cal&#039; or @class=&#039;rb-calendar&#039;]//following::td[3]], [[ChromeDriver: chrome on XP (20816ec6d56e0d135a0202793f32141b)] -&gt; xpath: //div[@id=&#039;rb-calendar_onward_cal&#039; or @class=&#039;rb-calendar&#039;]//following::td[3]], [[ChromeDriver: chrome on XP (20816ec6d56e0d135a0202793f32141b)] -&gt; xpath: //div[@id=&#039;rb-calendar_onward_cal&#039; or @class=&#039;rb-calendar&#039;]//following::td[3]], [[ChromeDriver: chrome on XP (20816ec6d56e0d135a0202793f32141b)] -&gt; xpath: //div[@id=&#039;rb-calendar_onward_cal&#039; or @class=&#039;rb-calendar&#039;]//following::td[3]], [[ChromeDriver: chrome on XP (20816ec6d56e0d135a0202793f32141b)] -&gt; xpath: //div[@id=&#039;rb-calendar_onward_cal&#039; or @class=&#039;rb-calendar&#039;]//following::td[3]], [[ChromeDriver: chrome on XP (20816ec6d56e0d135a0202793f32141b)] -&gt; xpath: //div[@id=&#039;rb-calendar_onward_cal&#039; or @class=&#039;rb-calendar&#039;]//following::td[3]], [[ChromeDriver: chrome on XP (20816ec6d56e0d135a0202793f32141b)] -&gt; xpath: //div[@id=&#039;rb-calendar_onward_cal&#039; or @class=&#039;rb-calendar&#039;]//following::td[3]], [[ChromeDriver: chrome on XP (20816ec6d56e0d135a0202793f32141b)] -&gt; xpath: //div[@id=&#039;rb-calendar_onward_cal&#039; or @class=&#039;rb-calendar&#039;]//following::td[3]], [[ChromeDriver: chrome on XP (20816ec6d56e0d135a0202793f32141b)] -&gt; xpath: //div[@id=&#039;rb-calendar_onward_cal&#039; or @class=&#039;rb-calendar&#039;]//following::td[3]], [[ChromeDriver: chrome on XP (20816ec6d56e0d135a0202793f32141b)] -&gt; xpath: //div[@id=&#039;rb-calendar_onward_cal&#039; or @class=&#039;rb-calendar&#039;]//following::td[3]], [[ChromeDriver: chrome on XP (20816ec6d56e0d135a0202793f32141b)] -&gt; xpath: //div[@id=&#039;rb-calendar_onward_cal&#039; or @class=&#039;rb-calendar&#039;]//following::td[3]], [[ChromeDriver: chrome on XP (20816ec6d56e0d135a0202793f32141b)] -&gt; xpath: //div[@id=&#039;rb-calendar_onward_cal&#039; or @class=&#039;rb-calendar&#039;]//following::td[3]], [[ChromeDriver: chrome on XP (20816ec6d56e0d135a0202793f32141b)] -&gt; xpath: //div[@id=&#039;rb-calendar_onward_cal&#039; or @class=&#039;rb-calendar&#039;]//following::td[3]], [[ChromeDriver: chrome on XP (20816ec6d56e0d135a0202793f32141b)] -&gt; xpath: //div[@id=&#039;rb-calendar_onward_cal&#039; or @class=&#039;rb-calendar&#039;]//following::td[3]], [[ChromeDriver: chrome on XP (20816ec6d56e0d135a0202793f32141b)] -&gt; xpath: //div[@id=&#039;rb-calendar_onward_cal&#039; or @class=&#039;rb-calendar&#039;]//following::td[3]], [[ChromeDriver: chrome on XP (20816ec6d56e0d135a0202793f32141b)] -&gt; xpath: //div[@id=&#039;rb-calendar_onward_cal&#039; or @class=&#039;rb-calendar&#039;]//following::td[3]], [[ChromeDriver: chrome on XP (20816ec6d56e0d135a0202793f32141b)] -&gt; xpath: //div[@id=&#039;rb-calendar_onward_cal&#039; or @class=&#039;rb-calendar&#039;]//following::td[3]], [[ChromeDriver: chrome on XP (20816ec6d56e0d135a0202793f32141b)] -&gt; xpath: //div[@id=&#039;rb-calendar_onward_cal&#039; or @class=&#039;rb-calendar&#039;]//following::td[3]], [[ChromeDriver: chrome on XP (20816ec6d56e0d135a0202793f32141b)] -&gt; xpath: //div[@id=&#039;rb-calendar_onward_cal&#039; or @class=&#039;rb-calendar&#039;]//following::td[3]], [[ChromeDriver: chrome on XP (20816ec6d56e0d135a0202793f32141b)] -&gt; xpath: //div[@id=&#039;rb-calendar_onward_cal&#039; or @class=&#039;rb-calendar&#039;]//following::td[3]], [[ChromeDriver: chrome on XP (20816ec6d56e0d135a0202793f32141b)] -&gt; xpath: //div[@id=&#039;rb-calendar_onward_cal&#039; or @class=&#039;rb-calendar&#039;]//following::td[3]], [[ChromeDriver: chrome on XP (20816ec6d56e0d135a0202793f32141b)] -&gt; xpath: //div[@id=&#039;rb-calendar_onward_cal&#039; or @class=&#039;rb-calendar&#039;]//following::td[3]], [[ChromeDriver: chrome on XP (20816ec6d56e0d135a0202793f32141b)] -&gt; xpath: //div[@id=&#039;rb-calendar_onward_cal&#039; or @class=&#039;rb-calendar&#039;]//following::td[3]], [[ChromeDriver: chrome on XP (20816ec6d56e0d135a0202793f32141b)] -&gt; xpath: //div[@id=&#039;rb-calendar_onward_cal&#039; or @class=&#039;rb-calendar&#039;]//following::td[3]], [[ChromeDriver: chrome on XP (20816ec6d56e0d135a0202793f32141b)] -&gt; xpath: //div[@id=&#039;rb-calendar_onward_cal&#039; or @class=&#039;rb-calendar&#039;]//following::td[3]], [[ChromeDriver: chrome on XP (20816ec6d56e0d135a0202793f32141b)] -&gt; xpath: //div[@id=&#039;rb-calendar_onward_cal&#039; or @class=&#039;rb-calendar&#039;]//following::td[3]], [[ChromeDriver: chrome on XP (20816ec6d56e0d135a0202793f32141b)] -&gt; xpath: //div[@id=&#039;rb-calendar_onward_cal&#039; or @class=&#039;rb-calendar&#039;]//following::td[3]], [[ChromeDriver: chrome on XP (20816ec6d56e0d135a0202793f32141b)] -&gt; xpath: //div[@id=&#039;rb-calendar_onward_cal&#039; or @class=&#039;rb-calendar&#039;]//following::td[3]], [[ChromeDriver: chrome on XP (20816ec6d56e0d135a0202793f32141b)] -&gt; xpath: //div[@id=&#039;rb-calendar_onward_cal&#039; or @class=&#039;rb-calendar&#039;]//following::td[3]], [[ChromeDriver: chrome on XP (20816ec6d56e0d135a0202793f32141b)] -&gt; xpath: //div[@id=&#039;rb-calendar_onward_cal&#039; or @class=&#039;rb-calendar&#039;]//following::td[3]], [[ChromeDriver: chrome on XP (20816ec6d56e0d135a0202793f32141b)] -&gt; xpath: //div[@id=&#039;rb-calendar_onward_cal&#039; or @class=&#039;rb-calendar&#039;]//following::td[3]], [[ChromeDriver: chrome on XP (20816ec6d56e0d135a0202793f32141b)] -&gt; xpath: //div[@id=&#039;rb-calendar_onward_cal&#039; or @class=&#039;rb-calendar&#039;]//following::td[3]]] (tried for 30 second(s) with 500 MILLISECONDS interval)
Build info: version: &#039;3.6.0&#039;, revision: &#039;6fbf3ec767&#039;, time: &#039;2017-09-27T15:28:36.4Z&#039;
System info: host: &#039;INHYNNMADDALA1&#039;, ip: &#039;10.91.110.11&#039;, os.name: &#039;Windows 10&#039;, os.arch: &#039;amd64&#039;, os.version: &#039;10.0&#039;, java.version: &#039;1.8.0_171&#039;
Driver info: org.openqa.selenium.chrome.ChromeDriver
Capabilities [{mobileEmulationEnabled=false, hasTouchScreen=false, platform=XP, acceptSslCerts=false, acceptInsecureCerts=false, webStorageEnabled=true, browserName=chrome, takesScreenshot=true, javascriptEnabled=true, platformName=XP, setWindowRect=true, unexpectedAlertBehaviour=, applicationCacheEnabled=false, rotatable=false, networkConnectionEnabled=false, chrome={chromedriverVersion=2.37.544315 (730aa6a5fdba159ac9f4c1e8cbc59bf1b5ce12b7), userDataDir=C:\Users\nmaddala\AppData\Local\Temp\scoped_dir2984_13278}, takesHeapSnapshot=true, pageLoadStrategy=normal, unhandledPromptBehavior=, databaseEnabled=false, handlesAlerts=true, version=67.0.3396.87, browserConnectionEnabled=false, nativeEvents=true, locationContextEnabled=true, cssSelectorsEnabled=true}]
Session ID: 20816ec6d56e0d135a0202793f32141b">
      <![CDATA[org.openqa.selenium.TimeoutException: Expected condition failed: waiting for visibility of all [[[ChromeDriver: chrome on XP (20816ec6d56e0d135a0202793f32141b)] -> xpath: //div[@id='rb-calendar_onward_cal' or @class='rb-calendar']//following::td[3]], [[ChromeDriver: chrome on XP (20816ec6d56e0d135a0202793f32141b)] -> xpath: //div[@id='rb-calendar_onward_cal' or @class='rb-calendar']//following::td[3]], [[ChromeDriver: chrome on XP (20816ec6d56e0d135a0202793f32141b)] -> xpath: //div[@id='rb-calendar_onward_cal' or @class='rb-calendar']//following::td[3]], [[ChromeDriver: chrome on XP (20816ec6d56e0d135a0202793f32141b)] -> xpath: //div[@id='rb-calendar_onward_cal' or @class='rb-calendar']//following::td[3]], [[ChromeDriver: chrome on XP (20816ec6d56e0d135a0202793f32141b)] -> xpath: //div[@id='rb-calendar_onward_cal' or @class='rb-calendar']//following::td[3]], [[ChromeDriver: chrome on XP (20816ec6d56e0d135a0202793f32141b)] -> xpath: //div[@id='rb-calendar_onward_cal' or @class='rb-calendar']//following::td[3]], [[ChromeDriver: chrome on XP (20816ec6d56e0d135a0202793f32141b)] -> xpath: //div[@id='rb-calendar_onward_cal' or @class='rb-calendar']//following::td[3]], [[ChromeDriver: chrome on XP (20816ec6d56e0d135a0202793f32141b)] -> xpath: //div[@id='rb-calendar_onward_cal' or @class='rb-calendar']//following::td[3]], [[ChromeDriver: chrome on XP (20816ec6d56e0d135a0202793f32141b)] -> xpath: //div[@id='rb-calendar_onward_cal' or @class='rb-calendar']//following::td[3]], [[ChromeDriver: chrome on XP (20816ec6d56e0d135a0202793f32141b)] -> xpath: //div[@id='rb-calendar_onward_cal' or @class='rb-calendar']//following::td[3]], [[ChromeDriver: chrome on XP (20816ec6d56e0d135a0202793f32141b)] -> xpath: //div[@id='rb-calendar_onward_cal' or @class='rb-calendar']//following::td[3]], [[ChromeDriver: chrome on XP (20816ec6d56e0d135a0202793f32141b)] -> xpath: //div[@id='rb-calendar_onward_cal' or @class='rb-calendar']//following::td[3]], [[ChromeDriver: chrome on XP (20816ec6d56e0d135a0202793f32141b)] -> xpath: //div[@id='rb-calendar_onward_cal' or @class='rb-calendar']//following::td[3]], [[ChromeDriver: chrome on XP (20816ec6d56e0d135a0202793f32141b)] -> xpath: //div[@id='rb-calendar_onward_cal' or @class='rb-calendar']//following::td[3]], [[ChromeDriver: chrome on XP (20816ec6d56e0d135a0202793f32141b)] -> xpath: //div[@id='rb-calendar_onward_cal' or @class='rb-calendar']//following::td[3]], [[ChromeDriver: chrome on XP (20816ec6d56e0d135a0202793f32141b)] -> xpath: //div[@id='rb-calendar_onward_cal' or @class='rb-calendar']//following::td[3]], [[ChromeDriver: chrome on XP (20816ec6d56e0d135a0202793f32141b)] -> xpath: //div[@id='rb-calendar_onward_cal' or @class='rb-calendar']//following::td[3]], [[ChromeDriver: chrome on XP (20816ec6d56e0d135a0202793f32141b)] -> xpath: //div[@id='rb-calendar_onward_cal' or @class='rb-calendar']//following::td[3]], [[ChromeDriver: chrome on XP (20816ec6d56e0d135a0202793f32141b)] -> xpath: //div[@id='rb-calendar_onward_cal' or @class='rb-calendar']//following::td[3]], [[ChromeDriver: chrome on XP (20816ec6d56e0d135a0202793f32141b)] -> xpath: //div[@id='rb-calendar_onward_cal' or @class='rb-calendar']//following::td[3]], [[ChromeDriver: chrome on XP (20816ec6d56e0d135a0202793f32141b)] -> xpath: //div[@id='rb-calendar_onward_cal' or @class='rb-calendar']//following::td[3]], [[ChromeDriver: chrome on XP (20816ec6d56e0d135a0202793f32141b)] -> xpath: //div[@id='rb-calendar_onward_cal' or @class='rb-calendar']//following::td[3]], [[ChromeDriver: chrome on XP (20816ec6d56e0d135a0202793f32141b)] -> xpath: //div[@id='rb-calendar_onward_cal' or @class='rb-calendar']//following::td[3]], [[ChromeDriver: chrome on XP (20816ec6d56e0d135a0202793f32141b)] -> xpath: //div[@id='rb-calendar_onward_cal' or @class='rb-calendar']//following::td[3]], [[ChromeDriver: chrome on XP (20816ec6d56e0d135a0202793f32141b)] -> xpath: //div[@id='rb-calendar_onward_cal' or @class='rb-calendar']//following::td[3]], [[ChromeDriver: chrome on XP (20816ec6d56e0d135a0202793f32141b)] -> xpath: //div[@id='rb-calendar_onward_cal' or @class='rb-calendar']//following::td[3]], [[ChromeDriver: chrome on XP (20816ec6d56e0d135a0202793f32141b)] -> xpath: //div[@id='rb-calendar_onward_cal' or @class='rb-calendar']//following::td[3]], [[ChromeDriver: chrome on XP (20816ec6d56e0d135a0202793f32141b)] -> xpath: //div[@id='rb-calendar_onward_cal' or @class='rb-calendar']//following::td[3]], [[ChromeDriver: chrome on XP (20816ec6d56e0d135a0202793f32141b)] -> xpath: //div[@id='rb-calendar_onward_cal' or @class='rb-calendar']//following::td[3]], [[ChromeDriver: chrome on XP (20816ec6d56e0d135a0202793f32141b)] -> xpath: //div[@id='rb-calendar_onward_cal' or @class='rb-calendar']//following::td[3]], [[ChromeDriver: chrome on XP (20816ec6d56e0d135a0202793f32141b)] -> xpath: //div[@id='rb-calendar_onward_cal' or @class='rb-calendar']//following::td[3]], [[ChromeDriver: chrome on XP (20816ec6d56e0d135a0202793f32141b)] -> xpath: //div[@id='rb-calendar_onward_cal' or @class='rb-calendar']//following::td[3]], [[ChromeDriver: chrome on XP (20816ec6d56e0d135a0202793f32141b)] -> xpath: //div[@id='rb-calendar_onward_cal' or @class='rb-calendar']//following::td[3]], [[ChromeDriver: chrome on XP (20816ec6d56e0d135a0202793f32141b)] -> xpath: //div[@id='rb-calendar_onward_cal' or @class='rb-calendar']//following::td[3]], [[ChromeDriver: chrome on XP (20816ec6d56e0d135a0202793f32141b)] -> xpath: //div[@id='rb-calendar_onward_cal' or @class='rb-calendar']//following::td[3]], [[ChromeDriver: chrome on XP (20816ec6d56e0d135a0202793f32141b)] -> xpath: //div[@id='rb-calendar_onward_cal' or @class='rb-calendar']//following::td[3]], [[ChromeDriver: chrome on XP (20816ec6d56e0d135a0202793f32141b)] -> xpath: //div[@id='rb-calendar_onward_cal' or @class='rb-calendar']//following::td[3]], [[ChromeDriver: chrome on XP (20816ec6d56e0d135a0202793f32141b)] -> xpath: //div[@id='rb-calendar_onward_cal' or @class='rb-calendar']//following::td[3]], [[ChromeDriver: chrome on XP (20816ec6d56e0d135a0202793f32141b)] -> xpath: //div[@id='rb-calendar_onward_cal' or @class='rb-calendar']//following::td[3]], [[ChromeDriver: chrome on XP (20816ec6d56e0d135a0202793f32141b)] -> xpath: //div[@id='rb-calendar_onward_cal' or @class='rb-calendar']//following::td[3]], [[ChromeDriver: chrome on XP (20816ec6d56e0d135a0202793f32141b)] -> xpath: //div[@id='rb-calendar_onward_cal' or @class='rb-calendar']//following::td[3]], [[ChromeDriver: chrome on XP (20816ec6d56e0d135a0202793f32141b)] -> xpath: //div[@id='rb-calendar_onward_cal' or @class='rb-calendar']//following::td[3]]] (tried for 30 second(s) with 500 MILLISECONDS interval)
Build info: version: '3.6.0', revision: '6fbf3ec767', time: '2017-09-27T15:28:36.4Z'
System info: host: 'INHYNNMADDALA1', ip: '10.91.110.11', os.name: 'Windows 10', os.arch: 'amd64', os.version: '10.0', java.version: '1.8.0_171'
Driver info: org.openqa.selenium.chrome.ChromeDriver
Capabilities [{mobileEmulationEnabled=false, hasTouchScreen=false, platform=XP, acceptSslCerts=false, acceptInsecureCerts=false, webStorageEnabled=true, browserName=chrome, takesScreenshot=true, javascriptEnabled=true, platformName=XP, setWindowRect=true, unexpectedAlertBehaviour=, applicationCacheEnabled=false, rotatable=false, networkConnectionEnabled=false, chrome={chromedriverVersion=2.37.544315 (730aa6a5fdba159ac9f4c1e8cbc59bf1b5ce12b7), userDataDir=C:\Users\nmaddala\AppData\Local\Temp\scoped_dir2984_13278}, takesHeapSnapshot=true, pageLoadStrategy=normal, unhandledPromptBehavior=, databaseEnabled=false, handlesAlerts=true, version=67.0.3396.87, browserConnectionEnabled=false, nativeEvents=true, locationContextEnabled=true, cssSelectorsEnabled=true}]
Session ID: 20816ec6d56e0d135a0202793f32141b
	at org.openqa.selenium.support.ui.WebDriverWait.timeoutException(WebDriverWait.java:82)
	at org.openqa.selenium.support.ui.FluentWait.until(FluentWait.java:231)
	at ScePagesTest.DBConnection.redBus(DBConnection.java:29)
	at sun.reflect.NativeMethodAccessorImpl.invoke0(Native Method)
	at sun.reflect.NativeMethodAccessorImpl.invoke(NativeMethodAccessorImpl.java:62)
	at sun.reflect.DelegatingMethodAccessorImpl.invoke(DelegatingMethodAccessorImpl.java:43)
	at java.lang.reflect.Method.invoke(Method.java:498)
	at org.testng.internal.MethodInvocationHelper.invokeMethod(MethodInvocationHelper.java:108)
	at org.testng.internal.Invoker.invokeMethod(Invoker.java:661)
	at org.testng.internal.Invoker.invokeTestMethod(Invoker.java:869)
	at org.testng.internal.Invoker.invokeTestMethods(Invoker.java:1193)
	at org.testng.internal.TestMethodWorker.invokeTestMethods(TestMethodWorker.java:126)
	at org.testng.internal.TestMethodWorker.run(TestMethodWorker.java:109)
	at org.testng.TestRunner.privateRun(TestRunner.java:744)
	at org.testng.TestRunner.run(TestRunner.java:602)
	at org.testng.SuiteRunner.runTest(SuiteRunner.java:380)
	at org.testng.SuiteRunner.runSequentially(SuiteRunner.java:375)
	at org.testng.SuiteRunner.privateRun(SuiteRunner.java:340)
	at org.testng.SuiteRunner.run(SuiteRunner.java:289)
	at org.testng.SuiteRunnerWorker.runSuite(SuiteRunnerWorker.java:52)
	at org.testng.SuiteRunnerWorker.run(SuiteRunnerWorker.java:86)
	at org.testng.TestNG.runSuitesSequentially(TestNG.java:1301)
	at org.testng.TestNG.runSuitesLocally(TestNG.java:1226)
	at org.testng.TestNG.runSuites(TestNG.java:1144)
	at org.testng.TestNG.run(TestNG.java:1115)
	at org.testng.remote.AbstractRemoteTestNG.run(AbstractRemoteTestNG.java:114)
	at org.testng.remote.RemoteTestNG.initAndRun(RemoteTestNG.java:251)
	at org.testng.remote.RemoteTestNG.main(RemoteTestNG.java:77)
]]>
    </error>
  </testcase> <!-- redBus -->
</testsuite> <!-- ScePagesTest.DBConnection -->
