<?xml version="1.0" encoding="UTF-8"?>
<!-- Generated by org.testng.reporters.JUnitReportReporter -->
<testsuite hostname="INHYNNMADDALA1" failures="0" tests="5" name="MainTests.getData" time="0.021" errors="0" timestamp="28 May 2018 02:05:15 GMT" skipped="0">
  <testcase classname="MainTests.getData" name="CreateOwnerTest" time="0.002"/>
  <testcase classname="MainTests.getData" name="CreateOwnerTest" time="0.004"/>
  <testcase classname="MainTests.getData" name="CreateOwnerTest" time="0.011"/>
  <testcase classname="MainTests.getData" name="CreateOwnerTest" time="0.002"/>
  <testcase classname="MainTests.getData" name="CreateOwnerTest" time="0.002"/>
</testsuite> <!-- MainTests.getData -->
