<?xml version="1.0" encoding="UTF-8"?>
<!-- Generated by org.testng.reporters.JUnitReportReporter -->
<testsuite hostname="INHYNNMADDALA1" failures="0" tests="1" name="ScePagesTest.ItemPageTest" time="53.549" errors="0" timestamp="30 May 2018 08:46:18 GMT" skipped="0">
  <testcase classname="ScePagesTest.ItemPageTest" name="CreateItemTest" time="53.549"/>
</testsuite> <!-- ScePagesTest.ItemPageTest -->
